<?xml version="1.0" encoding="UTF-8"?>
<!-- Generated by org.testng.reporters.JUnitReportReporter -->
<testsuite hostname="LAPTOP-OB53OND9" failures="0" tests="5" name="Testscripts.TestScenario1" time="6.313" errors="1" timestamp="2024-07-08T21:30:29 IST" skipped="4">
  <testcase classname="Testscripts.TestScenario1" name="initializeTestScenario" time="0.000">
    <skipped/>
  </testcase> <!-- initializeTestScenario -->
  <testcase classname="Testscripts.TestScenario1" name="setup" time="6.313">
    <error message="Could not start a new session. Response code 500. Message: All minutes for this organization has been exhausted 
Host info: host: &#039;LAPTOP-OB53OND9&#039;, ip: &#039;192.168.31.17&#039;
Build info: version: &#039;4.21.0&#039;, revision: &#039;79ed462ef4&#039;
System info: os.name: &#039;Windows 11&#039;, os.arch: &#039;amd64&#039;, os.version: &#039;10.0&#039;, java.version: &#039;17.0.8&#039;
Driver info: org.openqa.selenium.remote.RemoteWebDriver
Command: [null, newSession {capabilities=[Capabilities {LT:Options: {accessKey: zFIu4BsyNhae86CqBemODKxknNp..., network: true, project: Untitled, username: soorajkarkala99, video: true, visual: true, w3c: true}, browserName: internet explorer, browserVersion: 11.0, platformName: Windows 10, se:ieOptions: {}}]}]
Capabilities {LT:Options: {accessKey: zFIu4BsyNhae86CqBemODKxknNp..., network: true, project: Untitled, username: soorajkarkala99, video: true, visual: true, w3c: true}, browserName: internet explorer, browserVersion: 11.0, platformName: Windows 10, se:ieOptions: {}}" type="org.openqa.selenium.SessionNotCreatedException">
      <![CDATA[org.openqa.selenium.SessionNotCreatedException: Could not start a new session. Response code 500. Message: All minutes for this organization has been exhausted 
Host info: host: 'LAPTOP-OB53OND9', ip: '192.168.31.17'
Build info: version: '4.21.0', revision: '79ed462ef4'
System info: os.name: 'Windows 11', os.arch: 'amd64', os.version: '10.0', java.version: '17.0.8'
Driver info: org.openqa.selenium.remote.RemoteWebDriver
Command: [null, newSession {capabilities=[Capabilities {LT:Options: {accessKey: zFIu4BsyNhae86CqBemODKxknNp..., network: true, project: Untitled, username: soorajkarkala99, video: true, visual: true, w3c: true}, browserName: internet explorer, browserVersion: 11.0, platformName: Windows 10, se:ieOptions: {}}]}]
Capabilities {LT:Options: {accessKey: zFIu4BsyNhae86CqBemODKxknNp..., network: true, project: Untitled, username: soorajkarkala99, video: true, visual: true, w3c: true}, browserName: internet explorer, browserVersion: 11.0, platformName: Windows 10, se:ieOptions: {}}
at org.openqa.selenium.remote.ProtocolHandshake.createSession(ProtocolHandshake.java:114)
at org.openqa.selenium.remote.ProtocolHandshake.createSession(ProtocolHandshake.java:75)
at org.openqa.selenium.remote.ProtocolHandshake.createSession(ProtocolHandshake.java:61)
at org.openqa.selenium.remote.HttpCommandExecutor.execute(HttpCommandExecutor.java:162)
at org.openqa.selenium.remote.TracedCommandExecutor.execute(TracedCommandExecutor.java:51)
at org.openqa.selenium.remote.RemoteWebDriver.execute(RemoteWebDriver.java:518)
at org.openqa.selenium.remote.RemoteWebDriver.startSession(RemoteWebDriver.java:232)
at org.openqa.selenium.remote.RemoteWebDriver.<init>(RemoteWebDriver.java:161)
at org.openqa.selenium.remote.RemoteWebDriver.<init>(RemoteWebDriver.java:141)
at Testscripts.TestScenario1.setup(TestScenario1.java:80)
at java.base/jdk.internal.reflect.NativeMethodAccessorImpl.invoke0(Native Method)
at java.base/jdk.internal.reflect.NativeMethodAccessorImpl.invoke(NativeMethodAccessorImpl.java:77)
at java.base/jdk.internal.reflect.DelegatingMethodAccessorImpl.invoke(DelegatingMethodAccessorImpl.java:43)
at java.base/java.lang.reflect.Method.invoke(Method.java:568)
at org.testng.internal.invokers.MethodInvocationHelper.invokeMethod(MethodInvocationHelper.java:141)
at org.testng.internal.invokers.MethodInvocationHelper.invokeMethodConsideringTimeout(MethodInvocationHelper.java:71)
at org.testng.internal.invokers.ConfigInvoker.invokeConfigurationMethod(ConfigInvoker.java:400)
at org.testng.internal.invokers.ConfigInvoker.invokeConfigurations(ConfigInvoker.java:333)
at org.testng.internal.invokers.TestInvoker.runConfigMethods(TestInvoker.java:833)
at org.testng.internal.invokers.TestInvoker.invokeMethod(TestInvoker.java:600)
at org.testng.internal.invokers.TestInvoker.invokeTestMethod(TestInvoker.java:230)
at org.testng.internal.invokers.MethodRunner.runInSequence(MethodRunner.java:63)
at org.testng.internal.invokers.TestInvoker$MethodInvocationAgent.invoke(TestInvoker.java:992)
at org.testng.internal.invokers.TestInvoker.invokeTestMethods(TestInvoker.java:203)
at org.testng.internal.invokers.TestMethodWorker.invokeTestMethods(TestMethodWorker.java:154)
at org.testng.internal.invokers.TestMethodWorker.run(TestMethodWorker.java:134)
at java.base/java.util.concurrent.Executors$RunnableAdapter.call(Executors.java:539)
at java.base/java.util.concurrent.FutureTask.run(FutureTask.java:264)
at org.testng.internal.thread.graph.TestNGFutureTask.run(TestNGFutureTask.java:22)
at java.base/java.util.concurrent.ThreadPoolExecutor.runWorker(ThreadPoolExecutor.java:1136)
at java.base/java.util.concurrent.ThreadPoolExecutor$Worker.run(ThreadPoolExecutor.java:635)
at java.base/java.lang.Thread.run(Thread.java:833)
]]>
    </error>
  </testcase> <!-- setup -->
  <testcase classname="Testscripts.TestScenario1" name="initializeTestScenario" time="0.000">
    <skipped/>
  </testcase> <!-- initializeTestScenario -->
  <testcase classname="Testscripts.TestScenario1" name="initializeTestScenario" time="0.000">
    <skipped/>
  </testcase> <!-- initializeTestScenario -->
  <testcase classname="Testscripts.TestScenario1" name="initializeTestScenario" time="0.000">
    <skipped/>
  </testcase> <!-- initializeTestScenario -->
</testsuite> <!-- Testscripts.TestScenario1 -->
